10.1038/s41467-025-58437-7	NoAbstract
10.1007/978-3-031-38430-1_21	NoAbstract
10.1038/s41598-025-06651-0	NoAbstract
10.1186/s12978-025-02048-4	NoAbstract
10.1007/978-981-99-2322-9_50	NoAbstract
10.1007/s11135-025-02210-x	NoAbstract
10.1007/s11096-024-01724-y	NoAbstract
10.1007/s11664-025-12160-7	NoAbstract
10.1007/s42452-025-07390-7	NoAbstract
10.1186/s12911-025-02982-0	NoAbstract
10.1186/s12982-025-00524-7	NoAbstract
10.1007/978-981-97-7451-7_1	NoAbstract
10.1007/s11042-024-18332-7	NoAbstract
10.1007/s12170-025-00769-6	NoAbstract
10.1038/s41467-025-59442-6	NoAbstract
10.1186/s13012-025-01445-4	NoAbstract
10.1007/s42979-025-03802-y	NoAbstract
10.1038/s41572-025-00633-2	NoAbstract
10.1007/978-981-97-8422-6_41	NoAbstract
10.1007/s42979-022-01249-z	NoAbstract
10.1007/s41666-021-00096-6	NoAbstract
10.1007/978-3-030-92604-5_27	NoAbstract
10.1007/s12170-024-00750-9	NoAbstract
10.1007/s40615-025-02487-6	NoAbstract
10.1038/s44161-022-00201-x	NoAbstract
10.1038/s41440-023-01398-5	NoAbstract
10.1007/s00134-023-07171-z	NoAbstract
10.1007/s40292-024-00656-y	NoAbstract
10.1038/s41372-021-01072-z	NoAbstract
10.1007/s10928-020-09707-y	NoAbstract
10.1007/s13410-022-01143-7	NoAbstract
10.1038/s41433-020-0961-6	NoAbstract
10.1007/s00210-022-02205-7	NoAbstract
