https://doi.org/10.1016/B978-0-12-821848-8.00166-9	NoAbstractAll
https://doi.org/10.1016/j.ajog.2020.08.057	NoAbstractAll
doi.org/10.1016/j.jacadv.2022.100106	NoAbstractAll
https://doi.org/10.1016/S2213-1779(25)00092-7	NoAbstractAll
https://doi.org/10.1016/j.jacc.2025.05.007	NoAbstractAll
https://doi.org/10.1016/j.ajt.2024.05.008	NoAbstractAll
doi.org/10.1016/j.jacc.2020.12.044	NoAbstractAll
doi.org/10.1053/j.ajkd.2023.04.010	NoAbstractAll
doi.org/10.1016/j.ajog.2022.06.038	NoAbstractAll
https://doi.org/10.1016/S2772-963X(22)00287-3	NoAbstractAll
doi.org/10.1016/j.ajt.2024.05.007	NoAbstractAll
doi.org/10.1016/S2772-963X(24)00256-4	NoAbstractAll
doi.org/10.1016/S2772-963X(24)00324-7	NoAbstractAll
doi.org/10.1016/j.rpth.2024.102503	NoAbstractAll
doi.org/10.1016/S2772-963X(23)00871-2	NoAbstractAll
doi.org/10.1016/j.artmed.2024.103057	NoAbstractAll
doi.org/10.1016/S2772-963X(25)00357-6	NoAbstractAll
doi.org/10.1016/B978-0-323-88369-6.09991-6	NoAbstractAll
doi.org/10.1016/S2772-963X(24)00101-7	NoAbstractAll
doi.org/10.1016/S2213-1779(23)00460-2	NoAbstractAll
